//shop105815128.taobao.com::begin::Thread-2
Thread-2:https://item.taobao.com/item.htm?id=554829179459
//shop105815128.taobao.com:Thread-2:done
//shop103340528.taobao.com::begin::Thread-2
Thread-2:https://item.taobao.com/item.htm?id=536046953252
//shop103340528.taobao.com:Thread-2:done
//shop71861998.taobao.com::begin::Thread-2
Thread-2:https://item.taobao.com/item.htm?id=557148043552
//shop71861998.taobao.com:Thread-2:done
//shop62973192.taobao.com::begin::Thread-2
Thread-2:https://item.taobao.com/item.htm?id=556403886323
//shop62973192.taobao.com:Thread-2:done
//shop70203303.taobao.com::begin::Thread-2
Thread-2:https://item.taobao.com/item.htm?id=549223045380
//shop70203303.taobao.com:Thread-2:done
Thread-2:break:58.38633942604065
Thread-2:break:4.000228643417358
//shop105815128.taobao.com::begin::Thread-2
Thread-2:https://item.taobao.com/item.htm?id=554829179459
product_id::554829179459:未找到售后信息, 重新点击累计评论
Thread-2:554829179459:累计评论点击失败 下滚200
product_id::554829179459:未找到售后信息, 重新点击累计评论
Thread-2:554829179459:累计评论点击失败 下滚200
product_id::554829179459:未找到售后信息, 重新点击累计评论
Thread-2:554829179459:累计评论点击失败 下滚200
product_id::554829179459:未找到售后信息, 重新点击累计评论
Thread-2:554829179459:累计评论点击失败 下滚200
product_id::554829179459:未找到售后信息, 重新点击累计评论
Thread-2:554829179459:累计评论点击失败 下滚200
Thread-2:554829179459:最终未找到售后信息
Thread-2:break:86.36193943023682
//shop105815128.taobao.com::begin::Thread-2
Thread-2:https://item.taobao.com/item.htm?id=554829179459
//shop105815128.taobao.com:Thread-2:done
Thread-2:break:17.061975717544556
