//shop135684286.taobao.com::begin::Thread-3
Thread-3:https://item.taobao.com/item.htm?id=556177864583
//shop135684286.taobao.com:Thread-3:done
//shop65537265.taobao.com::begin::Thread-3
Thread-3:https://item.taobao.com/item.htm?id=554633639200
//shop65537265.taobao.com:Thread-3:done
//shop117630711.taobao.com::begin::Thread-3
Thread-3:https://item.taobao.com/item.htm?id=548471032191
//shop117630711.taobao.com:Thread-3:done
//shop36235594.taobao.com::begin::Thread-3
Thread-3:https://item.taobao.com/item.htm?id=550969485180
//shop36235594.taobao.com:Thread-3:done
//shop36101455.taobao.com::begin::Thread-3
Thread-3:https://item.taobao.com/item.htm?id=553324750256
//shop36101455.taobao.com:Thread-3:done
Thread-3:break:61.33850812911987
Thread-3:break:6.000343084335327
//shop135684286.taobao.com::begin::Thread-3
Thread-3:https://item.taobao.com/item.htm?id=556177864583
product_id::556177864583:未找到售后信息, 重新点击累计评论
Thread-3:556177864583:累计评论点击失败 下滚200
product_id::556177864583:未找到售后信息, 重新点击累计评论
Thread-3:556177864583:累计评论点击失败 下滚200
product_id::556177864583:未找到售后信息, 重新点击累计评论
Thread-3:556177864583:累计评论点击失败 下滚200
product_id::556177864583:未找到售后信息, 重新点击累计评论
Thread-3:556177864583:累计评论点击失败 下滚200
product_id::556177864583:未找到售后信息, 重新点击累计评论
Thread-3:556177864583:累计评论点击失败 下滚200
Thread-3:556177864583:最终未找到售后信息
Thread-3:break:88.9760890007019
//shop135684286.taobao.com::begin::Thread-3
Thread-3:https://item.taobao.com/item.htm?id=556177864583
//shop135684286.taobao.com:Thread-3:done
Thread-3:break:20.49317216873169
