//shop119667895.taobao.com::begin::Thread-1
Thread-1:https://item.taobao.com/item.htm?id=546527018991
//shop119667895.taobao.com:Thread-1:done
//shop33139805.taobao.com::begin::Thread-1
Thread-1:https://item.taobao.com/item.htm?id=556412820528
//shop33139805.taobao.com:Thread-1:done
//shop36948107.taobao.com::begin::Thread-1
Thread-1:https://item.taobao.com/item.htm?id=556398446501
//shop36948107.taobao.com:Thread-1:done
//shop68636162.taobao.com::begin::Thread-1
Thread-1:https://item.taobao.com/item.htm?id=557570099107
//shop68636162.taobao.com:Thread-1:done
//shop36340741.taobao.com::begin::Thread-1
Thread-1:https://item.taobao.com/item.htm?id=549939984999
//shop36340741.taobao.com:Thread-1:done
Thread-1:break:57.45528602600098
Thread-1:break:2.0001144409179688
//shop119667895.taobao.com::begin::Thread-1
Thread-1:https://item.taobao.com/item.htm?id=558096463113
product_id::558096463113:未找到售后信息, 重新点击累计评论
Thread-1:558096463113:累计评论点击失败 下滚200
product_id::558096463113:未找到售后信息, 重新点击累计评论
Thread-1:558096463113:累计评论点击失败 下滚200
product_id::558096463113:未找到售后信息, 重新点击累计评论
Thread-1:558096463113:累计评论点击失败 下滚200
product_id::558096463113:未找到售后信息, 重新点击累计评论
Thread-1:558096463113:累计评论点击失败 下滚200
product_id::558096463113:未找到售后信息, 重新点击累计评论
Thread-1:558096463113:累计评论点击失败 下滚200
Thread-1:558096463113:最终未找到售后信息
Thread-1:break:85.26687693595886
//shop119667895.taobao.com::begin::Thread-1
Thread-1:https://item.taobao.com/item.htm?id=558096463113
//shop119667895.taobao.com:Thread-1:done
Thread-1:break:15.076862335205078
