=======================================
541833276656::begin
get mainPageConent succeed
categroy_id，sellerId，descUrl succeed
main_page_jiexi_succeed
get detail_content succeed
detail_content_jiexi_re succeed
get descContent succeed
get descContent_jiexi succeed
get detailCountContent succeed
detailCount succeed
extend_information_jiexi succeed
get rate_content succeed
rate_jiexi succeed
get collectcount_Content succeed
get_picture_comment succeed current_page:1
get_picture_comment succeed current_page:2
get_picture_comment succeed
541833276656:Thread-2:done:2017-09-03 11:56:00
=======================================
552322441567::begin
get mainPageConent succeed
categroy_id，sellerId，descUrl succeed
main_page_jiexi_succeed
get detail_content succeed
detail_content_jiexi_re succeed
get descContent succeed
get descContent_jiexi succeed
get detailCountContent succeed
detailCount succeed
extend_information_jiexi succeed
get rate_content succeed
rate_jiexi succeed
get collectcount_Content succeed
get_picture_comment succeed current_page:1
get_picture_comment succeed current_page:2
get_picture_comment succeed
552322441567:Thread-2:done:2017-09-03 11:56:11
=======================================
Thread-2:break:25.06743359565735
