=======================================
541816868621::begin
get mainPageConent succeed
categroy_id，sellerId，descUrl succeed
main_page_jiexi_succeed
get detail_content succeed
detail_content_jiexi_re succeed
get descContent succeed
get descContent_jiexi succeed
get detailCountContent succeed
detailCount succeed
extend_information_jiexi succeed
get rate_content succeed
rate_jiexi succeed
get collectcount_Content succeed
get_picture_comment succeed current_page:1
get_picture_comment succeed current_page:2
get_picture_comment succeed current_page:3
get_picture_comment succeed current_page:4
get_picture_comment succeed current_page:5
get_picture_comment succeed current_page:6
get_picture_comment succeed current_page:7
get_picture_comment succeed current_page:8
get_picture_comment succeed
541816868621:Thread-7:done:2017-08-23 17:09:46
