=======================================
552455407220::begin
get ip:117.94.205.246:26817
get_page Error ,ex:HTTPSConnectionPool(host='item.taobao.com', port=443): Max retries exceeded with url: /item.htm?id=552455407220 (Caused by ProxyError('Cannot connect to proxy.', OSError('Tunnel connection failed: 403 Forbidden',))),reget IP
URL:https://item.taobao.com/item.htm?id=552455407220
get ip:125.122.91.212:44318
get_page Error ,ex:HTTPSConnectionPool(host='item.taobao.com', port=443): Max retries exceeded with url: /item.htm?id=552455407220 (Caused by ProxyError('Cannot connect to proxy.', OSError('Tunnel connection failed: 403 Forbidden',))),reget IP
URL:https://item.taobao.com/item.htm?id=552455407220
get ip:1.199.193.117:42421
get_page Error ,ex:HTTPSConnectionPool(host='item.taobao.com', port=443): Max retries exceeded with url: /item.htm?id=552455407220 (Caused by ProxyError('Cannot connect to proxy.', OSError('Tunnel connection failed: 403 Forbidden',))),reget IP
URL:https://item.taobao.com/item.htm?id=552455407220
get ip:125.112.193.162:23387
get_page Error ,ex:HTTPSConnectionPool(host='item.taobao.com', port=443): Max retries exceeded with url: /item.htm?id=552455407220 (Caused by ProxyError('Cannot connect to proxy.', OSError('Tunnel connection failed: 403 Forbidden',))),reget IP
URL:https://item.taobao.com/item.htm?id=552455407220
get ip:183.5.182.120:25947
get_page Error ,ex:HTTPSConnectionPool(host='item.taobao.com', port=443): Max retries exceeded with url: /item.htm?id=552455407220 (Caused by ProxyError('Cannot connect to proxy.', OSError('Tunnel connection failed: 403 Forbidden',))),reget IP
URL:https://item.taobao.com/item.htm?id=552455407220
get mainPageConent succeed
categroy_id，sellerId，descUrl succeed
main_page_jiexi_succeed
get detail_content succeed
detail_content_jiexi_re succeed
get descContent succeed
get descContent_jiexi succeed
get detailCountContent succeed
detailCount succeed
extend_information_jiexi succeed
get rate_content succeed
rate_jiexi succeed
get collectcount_Content succeed
not exist picture
552455407220:Thread-8:done:2017-07-02 07:50:34
