[10028:8464:0903/193106.695:WARNING:extension_service.cc(474)] Loading extension specified by --load-component-extension as a regular extension. Extensions specified by --load-component-extension will not be loaded starting in M58. Use --load-extension or --disable-extensions-except.
[10028:8464:0903/193106.806:INFO:easy_unlock_service_regular.cc(446)] Initializing EasyUnlockService inside the user session.
[10028:9964:0903/193111.981:ERROR:socket_dispatcher_host.cc(90)] Failed to resolve address for x., errorcode: -105
[10028:9964:0903/193111.981:ERROR:socket_dispatcher_host.cc(90)] Failed to resolve address for x., errorcode: -105
[10028:9964:0903/193117.169:ERROR:socket_dispatcher_host.cc(90)] Failed to resolve address for x., errorcode: -105
[10028:9964:0903/193117.169:ERROR:socket_dispatcher_host.cc(90)] Failed to resolve address for x., errorcode: -105
[10028:9964:0903/193119.829:ERROR:socket_dispatcher_host.cc(90)] Failed to resolve address for x., errorcode: -105
[10028:9964:0903/193119.829:ERROR:socket_dispatcher_host.cc(90)] Failed to resolve address for x., errorcode: -105
[10028:9964:0903/193125.429:ERROR:socket_dispatcher_host.cc(90)] Failed to resolve address for x., errorcode: -105
[10028:9964:0903/193125.429:ERROR:socket_dispatcher_host.cc(90)] Failed to resolve address for x., errorcode: -105
[10028:9964:0903/193125.429:ERROR:socket_dispatcher_host.cc(90)] Failed to resolve address for x., errorcode: -105
[10028:9964:0903/193125.429:ERROR:socket_dispatcher_host.cc(90)] Failed to resolve address for x., errorcode: -105
[10028:9964:0903/193133.032:ERROR:socket_dispatcher_host.cc(90)] Failed to resolve address for x., errorcode: -105
[10028:9964:0903/193133.032:ERROR:socket_dispatcher_host.cc(90)] Failed to resolve address for x., errorcode: -105
[10028:9964:0903/193137.860:ERROR:socket_dispatcher_host.cc(90)] Failed to resolve address for x., errorcode: -105
[10028:9964:0903/193137.860:ERROR:socket_dispatcher_host.cc(90)] Failed to resolve address for x., errorcode: -105
[10028:9964:0903/193137.860:ERROR:socket_dispatcher_host.cc(90)] Failed to resolve address for x., errorcode: -105
[10028:9964:0903/193137.860:ERROR:socket_dispatcher_host.cc(90)] Failed to resolve address for x., errorcode: -105
[10028:9964:0903/193143.098:ERROR:socket_dispatcher_host.cc(90)] Failed to resolve address for x., errorcode: -105
[10028:9964:0903/193143.098:ERROR:socket_dispatcher_host.cc(90)] Failed to resolve address for x., errorcode: -105
[10028:9964:0903/193147.916:ERROR:socket_dispatcher_host.cc(90)] Failed to resolve address for x., errorcode: -105
[10028:9964:0903/193147.916:ERROR:socket_dispatcher_host.cc(90)] Failed to resolve address for x., errorcode: -105
[10028:9964:0903/193155.503:ERROR:socket_dispatcher_host.cc(90)] Failed to resolve address for x., errorcode: -105
[10028:9964:0903/193155.503:ERROR:socket_dispatcher_host.cc(90)] Failed to resolve address for x., errorcode: -105
[10028:9964:0903/193201.879:ERROR:socket_dispatcher_host.cc(90)] Failed to resolve address for x., errorcode: -105
[10028:9964:0903/193201.879:ERROR:socket_dispatcher_host.cc(90)] Failed to resolve address for x., errorcode: -105
[10028:9964:0903/193201.879:ERROR:socket_dispatcher_host.cc(90)] Failed to resolve address for x., errorcode: -105
[10028:9964:0903/193201.879:ERROR:socket_dispatcher_host.cc(90)] Failed to resolve address for x., errorcode: -105
[10028:9964:0903/193216.290:ERROR:socket_dispatcher_host.cc(90)] Failed to resolve address for x., errorcode: -105
[10028:9964:0903/193216.290:ERROR:socket_dispatcher_host.cc(90)] Failed to resolve address for x., errorcode: -105
[10028:9964:0903/193229.544:ERROR:socket_dispatcher_host.cc(90)] Failed to resolve address for x., errorcode: -105
[10028:9964:0903/193229.544:ERROR:socket_dispatcher_host.cc(90)] Failed to resolve address for x., errorcode: -105
[10028:9964:0903/193232.361:ERROR:socket_dispatcher_host.cc(90)] Failed to resolve address for x., errorcode: -105
[10028:9964:0903/193232.361:ERROR:socket_dispatcher_host.cc(90)] Failed to resolve address for x., errorcode: -105
[10028:9964:0903/193235.055:ERROR:socket_dispatcher_host.cc(90)] Failed to resolve address for x., errorcode: -105
[10028:9964:0903/193235.055:ERROR:socket_dispatcher_host.cc(90)] Failed to resolve address for x., errorcode: -105
[10028:9964:0903/193237.664:ERROR:socket_dispatcher_host.cc(90)] Failed to resolve address for x., errorcode: -105
[10028:9964:0903/193237.666:ERROR:socket_dispatcher_host.cc(90)] Failed to resolve address for x., errorcode: -105
[10028:9964:0903/193253.380:ERROR:socket_dispatcher_host.cc(90)] Failed to resolve address for x., errorcode: -105
[10028:9964:0903/193253.380:ERROR:socket_dispatcher_host.cc(90)] Failed to resolve address for x., errorcode: -105
[10028:9964:0903/193253.380:ERROR:socket_dispatcher_host.cc(90)] Failed to resolve address for x., errorcode: -105
[10028:9964:0903/193253.380:ERROR:socket_dispatcher_host.cc(90)] Failed to resolve address for x., errorcode: -105
[10028:9964:0903/193303.981:ERROR:socket_dispatcher_host.cc(90)] Failed to resolve address for x., errorcode: -105
[10028:9964:0903/193303.981:ERROR:socket_dispatcher_host.cc(90)] Failed to resolve address for x., errorcode: -105
[10028:9964:0903/193303.981:ERROR:socket_dispatcher_host.cc(90)] Failed to resolve address for x., errorcode: -105
[10028:9964:0903/193303.981:ERROR:socket_dispatcher_host.cc(90)] Failed to resolve address for x., errorcode: -105
[10028:9964:0903/193308.863:ERROR:socket_dispatcher_host.cc(90)] Failed to resolve address for x., errorcode: -105
[10028:9964:0903/193308.863:ERROR:socket_dispatcher_host.cc(90)] Failed to resolve address for x., errorcode: -105
[10028:9964:0903/193313.579:ERROR:socket_dispatcher_host.cc(90)] Failed to resolve address for x., errorcode: -105
[10028:9964:0903/193313.579:ERROR:socket_dispatcher_host.cc(90)] Failed to resolve address for x., errorcode: -105
[10028:9964:0903/193313.579:ERROR:socket_dispatcher_host.cc(90)] Failed to resolve address for x., errorcode: -105
[10028:9964:0903/193313.579:ERROR:socket_dispatcher_host.cc(90)] Failed to resolve address for x., errorcode: -105
[10028:9964:0903/193318.573:ERROR:socket_dispatcher_host.cc(90)] Failed to resolve address for x., errorcode: -105
[10028:9964:0903/193318.573:ERROR:socket_dispatcher_host.cc(90)] Failed to resolve address for x., errorcode: -105
[10028:8464:0903/193320.406:INFO:CONSOLE(0)] "Mixed Content: The page at 'https://covoo.taobao.com/search.htm?spm=a1z10.3-c-s.w4002-14656141639.127.6f79c998txHggm&_ksTS=1504438397263_124&callback=jsonp125&mid=w-14656141639-0&wid=14656141639&path=%2Fsearch.htm&search=y&pageNo=11#anchor' was loaded over HTTPS, but requested an insecure image 'http://a.tbcdn.cn/sys/common/img/msg_bg.png'. This content should also be served over HTTPS.", source: https://covoo.taobao.com/__x5__/query.htm?style=mini&smApp=shopsystem&smPolicy=shopsystem-search_asyn_interface-anti_Spider-checkcode&smCharset=GBK&smTag=MjAyLjEyMC4xMjEuMjksMTcwMDU1ODg1NCxkMGY4NmI3MjdiZDE0NjRlYTZhYWVjYTAwZTg5NmIyYw%3D%3D&captcha=https%3A%2F%2Fcovoo.taobao.com%2F__x5__%2Fquery.htm&smReturn=https%3A%2F%2Fcovoo.taobao.com%2Fi%2FasynSearch.htm%3F_ksTS%3D1504438400069_124%26callback%3Djsonp125%26mid%3Dw-14656141639-0%26wid%3D14656141639%26path%3D%2Fsearch.htm%26search%3Dy%26spm%3Da1z10.3-c-s.w4002-14656141639.127.6f79c998txHggm%26pageNo%3D11&smSign=nWjgTe4FWT2SVcJJ9MF6AQ%3D%3D (0)
[10028:9964:0903/193321.407:ERROR:socket_dispatcher_host.cc(90)] Failed to resolve address for x., errorcode: -105
[10028:9964:0903/193321.407:ERROR:socket_dispatcher_host.cc(90)] Failed to resolve address for x., errorcode: -105
[10028:9964:0903/193324.048:ERROR:socket_dispatcher_host.cc(90)] Failed to resolve address for x., errorcode: -105
[10028:9964:0903/193324.048:ERROR:socket_dispatcher_host.cc(90)] Failed to resolve address for x., errorcode: -105
[10028:9964:0903/193324.048:ERROR:socket_dispatcher_host.cc(90)] Failed to resolve address for x., errorcode: -105
[10028:9964:0903/193324.048:ERROR:socket_dispatcher_host.cc(90)] Failed to resolve address for x., errorcode: -105
[10028:9964:0903/193347.885:ERROR:socket_dispatcher_host.cc(90)] Failed to resolve address for x., errorcode: -105
[10028:9964:0903/193347.885:ERROR:socket_dispatcher_host.cc(90)] Failed to resolve address for x., errorcode: -105
[10028:9964:0903/193350.488:ERROR:socket_dispatcher_host.cc(90)] Failed to resolve address for x., errorcode: -105
[10028:9964:0903/193350.488:ERROR:socket_dispatcher_host.cc(90)] Failed to resolve address for x., errorcode: -105
[10028:9964:0903/193353.208:ERROR:socket_dispatcher_host.cc(90)] Failed to resolve address for x., errorcode: -105
[10028:9964:0903/193353.208:ERROR:socket_dispatcher_host.cc(90)] Failed to resolve address for x., errorcode: -105
[10028:9964:0903/193355.775:ERROR:socket_dispatcher_host.cc(90)] Failed to resolve address for x., errorcode: -105
[10028:9964:0903/193355.775:ERROR:socket_dispatcher_host.cc(90)] Failed to resolve address for x., errorcode: -105
[10028:9964:0903/193406.243:ERROR:socket_dispatcher_host.cc(90)] Failed to resolve address for x., errorcode: -105
[10028:9964:0903/193406.243:ERROR:socket_dispatcher_host.cc(90)] Failed to resolve address for x., errorcode: -105
[10028:9964:0903/193410.995:ERROR:socket_dispatcher_host.cc(90)] Failed to resolve address for x., errorcode: -105
[10028:9964:0903/193410.995:ERROR:socket_dispatcher_host.cc(90)] Failed to resolve address for x., errorcode: -105
[10028:9964:0903/193410.995:ERROR:socket_dispatcher_host.cc(90)] Failed to resolve address for x., errorcode: -105
[10028:9964:0903/193410.995:ERROR:socket_dispatcher_host.cc(90)] Failed to resolve address for x., errorcode: -105
[10028:9964:0903/193415.739:ERROR:socket_dispatcher_host.cc(90)] Failed to resolve address for x., errorcode: -105
[10028:9964:0903/193415.739:ERROR:socket_dispatcher_host.cc(90)] Failed to resolve address for x., errorcode: -105
[10028:9964:0903/193415.739:ERROR:socket_dispatcher_host.cc(90)] Failed to resolve address for x., errorcode: -105
[10028:9964:0903/193415.739:ERROR:socket_dispatcher_host.cc(90)] Failed to resolve address for x., errorcode: -105
[10028:8464:0903/193421.964:INFO:CONSOLE(1)] "Mixed Content: The page at 'https://covoo.taobao.com/search.htm?spm=a1z10.3-c-s.w4002-14656141639.127.6f79c998QqoIhJ&_ksTS=1504438459373_124&callback=jsonp125&mid=w-14656141639-0&wid=14656141639&path=%2Fsearch.htm&search=y&smToken=df8db1fb953244e39fd08ef74a327375&smSign=goS2t6sraXhU32jfSGgRUA%3D%3D&pageNo=27#anchor' was loaded over HTTPS, but requested an insecure image 'http://a.tbcdn.cn/sys/common/img/msg_bg.png'. This content should also be served over HTTPS.", source: https://uaction.alicdn.com/js/ua.js (1)
[10028:9964:0903/193425.587:ERROR:socket_dispatcher_host.cc(90)] Failed to resolve address for x., errorcode: -105
[10028:9964:0903/193425.587:ERROR:socket_dispatcher_host.cc(90)] Failed to resolve address for x., errorcode: -105
[10028:9964:0903/193425.587:ERROR:socket_dispatcher_host.cc(90)] Failed to resolve address for x., errorcode: -105
[10028:9964:0903/193425.587:ERROR:socket_dispatcher_host.cc(90)] Failed to resolve address for x., errorcode: -105
[10028:9964:0903/193531.857:ERROR:socket_dispatcher_host.cc(90)] Failed to resolve address for x., errorcode: -105
[10028:9964:0903/193531.857:ERROR:socket_dispatcher_host.cc(90)] Failed to resolve address for x., errorcode: -105
[10028:9964:0903/193531.857:ERROR:socket_dispatcher_host.cc(90)] Failed to resolve address for x., errorcode: -105
[10028:9964:0903/193531.857:ERROR:socket_dispatcher_host.cc(90)] Failed to resolve address for x., errorcode: -105
